2016-09-15 20:52:20,975 manager INFO 1.1.0
2016-09-15 20:52:20,976 manager INFO Copyright (C) 2003-2010
2016-09-15 20:52:20,977 manager INFO   Noriaki Ando
2016-09-15 20:52:20,978 manager INFO   Intelligent Systems Research Institute, AIST
2016-09-15 20:52:20,979 manager INFO Manager starting.
2016-09-15 20:52:20,980 manager INFO Starting local logging.
2016-09-15 20:52:20,994 manager.namingmanager INFO NameServer connection succeeded: corba/localhost
2016-09-15 20:52:21,052 ManagerServant INFO Master manager not found
2016-09-15 20:52:21,056 LocalServiceAdmin INFO All the local services are enabled.
2016-09-15 20:52:21,101 manager INFO Component type conf file: LED.conf loaded.
2016-09-15 20:52:21,129 ec_base INFO setRate(1000000.000000) done
2016-09-15 20:52:21,131 ec_base INFO setRate(1000.000000) done
2016-09-15 20:52:21,136 rtobject INFO 1 execution context was created.
2016-09-15 20:52:21,152 rtobject INFO Initial active configuration set is default.
2016-09-15 20:52:30,625 SdoServiceAdmin WARNING No available SDO service in the factory: 
2016-09-15 20:52:30,627 SdoServiceAdmin ERROR type  already exists.
2016-09-15 20:52:30,637 SdoServiceAdmin WARNING No available SDO service in the factory: IDL:OpenRTM/ComponentObserver:1.0
2016-09-15 20:52:30,639 SdoServiceAdmin ERROR type dbf68695-07fe-40c2-8ebb-dd81dfb4cbcd already exists.
2016-09-15 20:59:28,458 ec_worker ERROR State of the RTC is not ACTIVE_STATE.
2016-09-15 20:59:28,465 ec_worker WARNING ExecutionContext is already stopped.
2016-09-15 20:59:28,466 ec_base ERROR Invoking on_shutdown() for each RTC failed.
