2016-09-16 18:26:16,867 manager INFO 1.1.0
2016-09-16 18:26:16,869 manager INFO Copyright (C) 2003-2010
2016-09-16 18:26:16,869 manager INFO   Noriaki Ando
2016-09-16 18:26:16,870 manager INFO   Intelligent Systems Research Institute, AIST
2016-09-16 18:26:16,871 manager INFO Manager starting.
2016-09-16 18:26:16,871 manager INFO Starting local logging.
2016-09-16 18:26:16,887 manager.namingmanager INFO NameServer connection succeeded: corba/localhost
2016-09-16 18:26:16,944 ManagerServant INFO Master manager not found
2016-09-16 18:26:16,948 LocalServiceAdmin INFO All the local services are enabled.
2016-09-16 18:26:17,001 manager INFO Component type conf file: LED.conf loaded.
2016-09-16 18:26:17,030 ec_base INFO setRate(1000000.000000) done
2016-09-16 18:26:17,032 ec_base INFO setRate(1000.000000) done
2016-09-16 18:26:17,038 rtobject INFO 1 execution context was created.
2016-09-16 18:26:17,053 rtobject INFO Initial active configuration set is default.
2016-09-16 18:26:18,420 SdoServiceAdmin WARNING No available SDO service in the factory: 
2016-09-16 18:26:18,421 SdoServiceAdmin ERROR type  already exists.
2016-09-16 18:26:18,429 SdoServiceAdmin WARNING No available SDO service in the factory: IDL:OpenRTM/ComponentObserver:1.0
2016-09-16 18:26:18,430 SdoServiceAdmin ERROR type eb6e2edf-aaab-4256-9aa7-cf62e7f8cfca already exists.
2016-09-16 18:26:41,368 ec_worker ERROR State of the RTC is not ACTIVE_STATE.
2016-09-16 18:26:41,390 ec_worker WARNING ExecutionContext is already stopped.
2016-09-16 18:26:41,391 ec_base ERROR Invoking on_shutdown() for each RTC failed.
