2016-09-16 18:23:19,179 manager INFO 1.1.0
2016-09-16 18:23:19,181 manager INFO Copyright (C) 2003-2010
2016-09-16 18:23:19,182 manager INFO   Noriaki Ando
2016-09-16 18:23:19,183 manager INFO   Intelligent Systems Research Institute, AIST
2016-09-16 18:23:19,183 manager INFO Manager starting.
2016-09-16 18:23:19,184 manager INFO Starting local logging.
2016-09-16 18:23:19,200 manager.namingmanager INFO NameServer connection succeeded: corba/localhost
2016-09-16 18:23:19,259 ManagerServant INFO Master manager not found
2016-09-16 18:23:19,263 LocalServiceAdmin INFO All the local services are enabled.
2016-09-16 18:23:19,308 manager INFO Component type conf file: LED.conf loaded.
2016-09-16 18:23:19,338 ec_base INFO setRate(1000000.000000) done
2016-09-16 18:23:19,339 ec_base INFO setRate(1000.000000) done
2016-09-16 18:23:19,345 rtobject INFO 1 execution context was created.
2016-09-16 18:23:19,360 rtobject INFO Initial active configuration set is default.
2016-09-16 18:23:23,455 SdoServiceAdmin WARNING No available SDO service in the factory: 
2016-09-16 18:23:23,457 SdoServiceAdmin ERROR type  already exists.
2016-09-16 18:23:23,492 SdoServiceAdmin WARNING No available SDO service in the factory: IDL:OpenRTM/ComponentObserver:1.0
2016-09-16 18:23:23,493 SdoServiceAdmin ERROR type 45e01917-77d1-4cc4-90bd-6b80f4b59714 already exists.
2016-09-16 18:24:29,700 ec_worker ERROR State of the RTC is not ACTIVE_STATE.
2016-09-16 18:24:29,726 ec_worker WARNING ExecutionContext is already stopped.
2016-09-16 18:24:29,727 ec_base ERROR Invoking on_shutdown() for each RTC failed.
